# JRE version: OpenJDK Runtime Environment (11.0.10) (build 11.0.10+0-b96-7249189)
# Java VM: OpenJDK 64-Bit Server VM (11.0.10+0-b96-7249189, mixed mode, tiered, compressed oops, g1 gc, windows-amd64)
Heap:
 garbage-first heap   total 352256K, used 190789K [0x0000000080000000, 0x0000000100000000)
  region size 1024K, 89 young (91136K), 0 survivors (0K)
 Metaspace       used 151198K, capacity 155415K, committed 163536K, reserved 1191936K
  class space    used 18050K, capacity 19561K, committed 21888K, reserved 1048576K
GC Heap History (20 events):
Event: 17831.902 GC heap after
{Heap after GC invocations=137 (full 3):
 garbage-first heap   total 358400K, used 171818K [0x0000000080000000, 0x0000000100000000)
  region size 1024K, 7 young (7168K), 7 survivors (7168K)
 Metaspace       used 150268K, capacity 154469K, committed 163536K, reserved 1191936K
  class space    used 18004K, capacity 19515K, committed 21888K, reserved 1048576K
}
Event: 17832.027 GC heap before
{Heap before GC invocations=137 (full 3):
 garbage-first heap   total 358400K, used 181034K [0x0000000080000000, 0x0000000100000000)
  region size 1024K, 17 young (17408K), 7 survivors (7168K)
 Metaspace       used 150290K, capacity 154469K, committed 163536K, reserved 1191936K
  class space    used 18004K, capacity 19515K, committed 21888K, reserved 1048576K
}
Event: 17832.039 GC heap after
{Heap after GC invocations=138 (full 3):
 garbage-first heap   total 358400K, used 150973K [0x0000000080000000, 0x0000000100000000)
  region size 1024K, 3 young (3072K), 3 survivors (3072K)
 Metaspace       used 150290K, capacity 154469K, committed 163536K, reserved 1191936K
  class space    used 18004K, capacity 19515K, committed 21888K, reserved 1048576K
}
Event: 17833.711 GC heap before
{Heap before GC invocations=138 (full 3):
 garbage-first heap   total 358400K, used 234941K [0x0000000080000000, 0x0000000100000000)
  region size 1024K, 86 young (88064K), 3 survivors (3072K)
 Metaspace       used 150350K, capacity 154551K, committed 163536K, reserved 1191936K
  class space    used 18006K, capacity 19518K, committed 21888K, reserved 1048576K
}
Event: 17833.723 GC heap after
{Heap after GC invocations=139 (full 3):
 garbage-first heap   total 358400K, used 155573K [0x0000000080000000, 0x0000000100000000)
  region size 1024K, 7 young (7168K), 7 survivors (7168K)
 Metaspace       used 150350K, capacity 154551K, committed 163536K, reserved 1191936K
  class space    used 18006K, capacity 19518K, committed 21888K, reserved 1048576K
}
Event: 17904.472 GC heap before
{Heap before GC invocations=140 (full 3):
 garbage-first heap   total 358400K, used 263093K [0x0000000080000000, 0x0000000100000000)
  region size 1024K, 97 young (99328K), 7 survivors (7168K)
 Metaspace       used 150528K, capacity 154712K, committed 163536K, reserved 1191936K
  class space    used 18009K, capacity 19524K, committed 21888K, reserved 1048576K
}
Event: 17904.482 GC heap after
{Heap after GC invocations=141 (full 3):
 garbage-first heap   total 358400K, used 153245K [0x0000000080000000, 0x0000000100000000)
  region size 1024K, 13 young (13312K), 13 survivors (13312K)
 Metaspace       used 150528K, capacity 154712K, committed 163536K, reserved 1191936K
  class space    used 18009K, capacity 19524K, committed 21888K, reserved 1048576K
}
Event: 17904.492 GC heap before
{Heap before GC invocations=141 (full 3):
 garbage-first heap   total 358400K, used 157341K [0x0000000080000000, 0x0000000100000000)
  region size 1024K, 17 young (17408K), 13 survivors (13312K)
 Metaspace       used 150535K, capacity 154714K, committed 163536K, reserved 1191936K
  class space    used 18009K, capacity 19524K, committed 21888K, reserved 1048576K
}
Event: 17904.501 GC heap after
{Heap after GC invocations=142 (full 3):
 garbage-first heap   total 358400K, used 135644K [0x0000000080000000, 0x0000000100000000)
  region size 1024K, 2 young (2048K), 2 survivors (2048K)
 Metaspace       used 150535K, capacity 154714K, committed 163536K, reserved 1191936K
  class space    used 18009K, capacity 19524K, committed 21888K, reserved 1048576K
}
Event: 17904.513 GC heap before
{Heap before GC invocations=142 (full 3):
 garbage-first heap   total 358400K, used 139740K [0x0000000080000000, 0x0000000100000000)
  region size 1024K, 7 young (7168K), 2 survivors (2048K)
 Metaspace       used 150547K, capacity 154716K, committed 163536K, reserved 1191936K
  class space    used 18009K, capacity 19524K, committed 21888K, reserved 1048576K
}
Event: 17904.517 GC heap after
{Heap after GC invocations=143 (full 3):
 garbage-first heap   total 358400K, used 134413K [0x0000000080000000, 0x0000000100000000)
  region size 1024K, 1 young (1024K), 1 survivors (1024K)
 Metaspace       used 150547K, capacity 154716K, committed 163536K, reserved 1191936K
  class space    used 18009K, capacity 19524K, committed 21888K, reserved 1048576K
}
Event: 17906.215 GC heap before
{Heap before GC invocations=144 (full 3):
 garbage-first heap   total 358400K, used 268557K [0x0000000080000000, 0x0000000100000000)
  region size 1024K, 114 young (116736K), 1 survivors (1024K)
 Metaspace       used 151047K, capacity 155212K, committed 163536K, reserved 1191936K
  class space    used 18045K, capacity 19559K, committed 21888K, reserved 1048576K
}
Event: 17906.224 GC heap after
{Heap after GC invocations=145 (full 3):
 garbage-first heap   total 358400K, used 144846K [0x0000000080000000, 0x0000000100000000)
  region size 1024K, 11 young (11264K), 11 survivors (11264K)
 Metaspace       used 151047K, capacity 155212K, committed 163536K, reserved 1191936K
  class space    used 18045K, capacity 19559K, committed 21888K, reserved 1048576K
}
Event: 17906.229 GC heap before
{Heap before GC invocations=145 (full 3):
 garbage-first heap   total 358400K, used 149966K [0x0000000080000000, 0x0000000100000000)
  region size 1024K, 17 young (17408K), 11 survivors (11264K)
 Metaspace       used 151047K, capacity 155212K, committed 163536K, reserved 1191936K
  class space    used 18045K, capacity 19559K, committed 21888K, reserved 1048576K
}
Event: 17906.237 GC heap after
{Heap after GC invocations=146 (full 3):
 garbage-first heap   total 358400K, used 136964K [0x0000000080000000, 0x0000000100000000)
  region size 1024K, 2 young (2048K), 2 survivors (2048K)
 Metaspace       used 151047K, capacity 155212K, committed 163536K, reserved 1191936K
  class space    used 18045K, capacity 19559K, committed 21888K, reserved 1048576K
}
Event: 17906.477 GC heap before
{Heap before GC invocations=146 (full 3):
 garbage-first heap   total 358400K, used 185092K [0x0000000080000000, 0x0000000100000000)
  region size 1024K, 51 young (52224K), 2 survivors (2048K)
 Metaspace       used 151059K, capacity 155219K, committed 163536K, reserved 1191936K
  class space    used 18046K, capacity 19561K, committed 21888K, reserved 1048576K
}
Event: 17906.482 GC heap after
{Heap after GC invocations=147 (full 3):
 garbage-first heap   total 358400K, used 138080K [0x0000000080000000, 0x0000000100000000)
  region size 1024K, 3 young (3072K), 3 survivors (3072K)
 Metaspace       used 151059K, capacity 155219K, committed 163536K, reserved 1191936K
  class space    used 18046K, capacity 19561K, committed 21888K, reserved 1048576K
}
Event: 21506.490 GC heap before
{Heap before GC invocations=148 (full 3):
 garbage-first heap   total 358400K, used 232288K [0x0000000080000000, 0x0000000100000000)
  region size 1024K, 73 young (74752K), 3 survivors (3072K)
 Metaspace       used 151084K, capacity 155347K, committed 163536K, reserved 1191936K
  class space    used 18047K, capacity 19561K, committed 21888K, reserved 1048576K
}
Event: 21506.597 GC heap after
{Heap after GC invocations=149 (full 4):
 garbage-first heap   total 352256K, used 99842K [0x0000000080000000, 0x0000000100000000)
  region size 1024K, 0 young (0K), 0 survivors (0K)
 Metaspace       used 151084K, capacity 155347K, committed 163536K, reserved 1191936K
  class space    used 18047K, capacity 19561K, committed 21888K, reserved 1048576K
}
Event: 21721.319 GC heap before
{Heap before GC invocations=149 (full 4):
 garbage-first heap   total 352256K, used 188930K [0x0000000080000000, 0x0000000100000000)
  region size 1024K, 89 young (91136K), 0 survivors (0K)
 Metaspace       used 151198K, capacity 155415K, committed 163536K, reserved 1191936K
  class space    used 18050K, capacity 19561K, committed 21888K, reserved 1048576K
}

